Using pre-set license
Built from '2020.2/staging' branch; Version is '2020.2.5f1 (e2c53f129de5) revision 14861631'; Using compiler version '192528614'; Build Type 'Release'
OS: 'Windows 10 Home; OS build 19042.867; Version 2009; 64bit' Language: 'en' Physical Memory: 16251 MB
BatchMode: 1, IsHumanControllingUs: 0, StartBugReporterOnCrash: 0, Is64bit: 1, IsPro: 0

 COMMAND LINE ARGUMENTS:
C:\Program Files\Unity\Hub\Editor\2020.2.5f1\Editor\Unity.exe
-adb2
-batchMode
-noUpm
-name
AssetImportWorker0
-projectPath
C:/Users/colon/OneDrive/Documents/GitHub/And-It-Came-Back/And It Came Back
-logFile
Logs/AssetImportWorker0.log
-srvPort
53745
Successfully changed project path to: C:/Users/colon/OneDrive/Documents/GitHub/And-It-Came-Back/And It Came Back
C:/Users/colon/OneDrive/Documents/GitHub/And-It-Came-Back/And It Came Back
Using Asset Import Pipeline V2.
Refreshing native plugins compatible for Editor in 29.73 ms, found 1 plugins.
Preloading 0 native plugins for Editor in 0.00 ms.
Initialize engine version: 2020.2.5f1 (e2c53f129de5)
[Subsystems] Discovering subsystems at path C:/Program Files/Unity/Hub/Editor/2020.2.5f1/Editor/Data/Resources/UnitySubsystems
[Subsystems] Discovering subsystems at path C:/Users/colon/OneDrive/Documents/GitHub/And-It-Came-Back/And It Came Back/Assets
GfxDevice: creating device client; threaded=0
Direct3D:
    Version:  Direct3D 11.0 [level 11.1]
    Renderer: NVIDIA GeForce GTX 1660 Ti (ID=0x2191)
    Vendor:   
    VRAM:     5991 MB
    Driver:   27.21.14.6172
Initialize mono
Mono path[0] = 'C:/Program Files/Unity/Hub/Editor/2020.2.5f1/Editor/Data/Managed'
Mono path[1] = 'C:/Program Files/Unity/Hub/Editor/2020.2.5f1/Editor/Data/MonoBleedingEdge/lib/mono/unityjit'
Mono config path = 'C:/Program Files/Unity/Hub/Editor/2020.2.5f1/Editor/Data/MonoBleedingEdge/etc'
Using monoOptions --debugger-agent=transport=dt_socket,embedding=1,server=y,suspend=n,address=127.0.0.1:56600
Begin MonoManager ReloadAssembly
Registering precompiled unity dll's ...
Register platform support module: C:/Program Files/Unity/Hub/Editor/2020.2.5f1/Editor/Data/PlaybackEngines/WindowsStandaloneSupport/UnityEditor.WindowsStandalone.Extensions.dll
Registered in 0.001774 seconds.
Native extension for WindowsStandalone target not found
Refreshing native plugins compatible for Editor in 28.42 ms, found 1 plugins.
Preloading 0 native plugins for Editor in 0.00 ms.
Invoked RoslynAnalysisRunner static constructor.
RoslynAnalysisRunner will not be running.
RoslynAnalysisRunner has terminated.
Mono: successfully reloaded assembly
- Completed reload, in  0.912 seconds
Platform modules already initialized, skipping
Registering precompiled user dll's ...
Registered in 0.000978 seconds.
Begin MonoManager ReloadAssembly
Native extension for WindowsStandalone target not found
Refreshing native plugins compatible for Editor in 29.19 ms, found 1 plugins.
Preloading 0 native plugins for Editor in 0.00 ms.
Invoked RoslynAnalysisRunner static constructor.
RoslynAnalysisRunner will not be running.
RoslynAnalysisRunner has terminated.
Mono: successfully reloaded assembly
- Completed reload, in  0.743 seconds
Platform modules already initialized, skipping
========================================================================
Worker process is ready to serve import requests
Launched and connected shader compiler UnityShaderCompiler.exe after 0.03 seconds
Refreshing native plugins compatible for Editor in 0.52 ms, found 1 plugins.
Preloading 0 native plugins for Editor in 0.00 ms.
Unloading 1811 Unused Serialized files (Serialized files now loaded: 0)
System memory in use before: 86.8 MB.
System memory in use after: 86.9 MB.

Unloading 19 unused Assets to reduce memory usage. Loaded Objects now: 2258.
Total: 2.011900 ms (FindLiveObjects: 0.179200 ms CreateObjectMapping: 0.176300 ms MarkObjects: 1.601600 ms  DeleteObjects: 0.053900 ms)

========================================================================
Received Import Request.
  path: Assets/Scenes/Personal_Workspace.unity
  artifactKey: Guid(ab4663440aa6aaa42b137a7943312840) Importer(815301076,1909f56bfc062723c751e8b465ee728b)
Start importing Assets/Scenes/Personal_Workspace.unity using Guid(ab4663440aa6aaa42b137a7943312840) Importer(815301076,1909f56bfc062723c751e8b465ee728b)  -> (artifact id: 'e37014a711cc90cc908665f3b3e97e49') in 0.010295 seconds
  Import took 0.013079 seconds .

========================================================================
Received Prepare
Registering precompiled user dll's ...
Registered in 0.000856 seconds.
Begin MonoManager ReloadAssembly
Native extension for WindowsStandalone target not found
Refreshing native plugins compatible for Editor in 0.30 ms, found 1 plugins.
Preloading 0 native plugins for Editor in 0.00 ms.
Invoked RoslynAnalysisRunner static constructor.
RoslynAnalysisRunner will not be running.
RoslynAnalysisRunner has terminated.
Mono: successfully reloaded assembly
- Completed reload, in  0.681 seconds
Platform modules already initialized, skipping
Refreshing native plugins compatible for Editor in 0.40 ms, found 1 plugins.
Preloading 0 native plugins for Editor in 0.00 ms.
Unloading 1788 Unused Serialized files (Serialized files now loaded: 0)
System memory in use before: 85.4 MB.
System memory in use after: 85.5 MB.

Unloading 7 unused Assets to reduce memory usage. Loaded Objects now: 2261.
Total: 1.798600 ms (FindLiveObjects: 0.159100 ms CreateObjectMapping: 0.059800 ms MarkObjects: 1.561400 ms  DeleteObjects: 0.017300 ms)

========================================================================
Received Import Request.
  Time since last request: 250.667369 seconds.
  path: Assets/Art/Colors
  artifactKey: Guid(71fb5662533719e479d502ad05f20570) Importer(815301076,1909f56bfc062723c751e8b465ee728b)
Start importing Assets/Art/Colors using Guid(71fb5662533719e479d502ad05f20570) Importer(815301076,1909f56bfc062723c751e8b465ee728b)  -> (artifact id: '56d6cd5e5f1fced3bf0e579178fecdee') in 0.005361 seconds
  Import took 0.008767 seconds .

========================================================================
Received Import Request.
  Time since last request: 0.001061 seconds.
  path: Assets/Art/Colors
  artifactKey: Guid(71fb5662533719e479d502ad05f20570) Importer(815301076,1909f56bfc062723c751e8b465ee728b)
Start importing Assets/Art/Colors using Guid(71fb5662533719e479d502ad05f20570) Importer(815301076,1909f56bfc062723c751e8b465ee728b)  -> (artifact id: '56d6cd5e5f1fced3bf0e579178fecdee') in 0.001756 seconds
  Import took 0.004873 seconds .

AssetImportWorkerClient::OnTransportError - code=2 error=End of file
