Using pre-set license
Built from '2020.2/staging' branch; Version is '2020.2.5f1 (e2c53f129de5) revision 14861631'; Using compiler version '192528614'; Build Type 'Release'
OS: 'Windows 10 Home; OS build 19042.928; Version 2009; 64bit' Language: 'en' Physical Memory: 16251 MB
BatchMode: 1, IsHumanControllingUs: 0, StartBugReporterOnCrash: 0, Is64bit: 1, IsPro: 0

 COMMAND LINE ARGUMENTS:
C:\Program Files\Unity\Hub\Editor\2020.2.5f1\Editor\Unity.exe
-adb2
-batchMode
-noUpm
-name
AssetImportWorker0
-projectPath
C:/Users/colon/OneDrive/Documents/GitHub/And-It-Came-Back/And It Came Back
-logFile
Logs/AssetImportWorker0.log
-srvPort
55233
Successfully changed project path to: C:/Users/colon/OneDrive/Documents/GitHub/And-It-Came-Back/And It Came Back
C:/Users/colon/OneDrive/Documents/GitHub/And-It-Came-Back/And It Came Back
Using Asset Import Pipeline V2.
Refreshing native plugins compatible for Editor in 32.58 ms, found 1 plugins.
Preloading 0 native plugins for Editor in 0.00 ms.
Initialize engine version: 2020.2.5f1 (e2c53f129de5)
[Subsystems] Discovering subsystems at path C:/Program Files/Unity/Hub/Editor/2020.2.5f1/Editor/Data/Resources/UnitySubsystems
[Subsystems] Discovering subsystems at path C:/Users/colon/OneDrive/Documents/GitHub/And-It-Came-Back/And It Came Back/Assets
GfxDevice: creating device client; threaded=0
Direct3D:
    Version:  Direct3D 11.0 [level 11.1]
    Renderer: NVIDIA GeForce GTX 1660 Ti (ID=0x2191)
    Vendor:   
    VRAM:     5991 MB
    Driver:   27.21.14.6172
Initialize mono
Mono path[0] = 'C:/Program Files/Unity/Hub/Editor/2020.2.5f1/Editor/Data/Managed'
Mono path[1] = 'C:/Program Files/Unity/Hub/Editor/2020.2.5f1/Editor/Data/MonoBleedingEdge/lib/mono/unityjit'
Mono config path = 'C:/Program Files/Unity/Hub/Editor/2020.2.5f1/Editor/Data/MonoBleedingEdge/etc'
Using monoOptions --debugger-agent=transport=dt_socket,embedding=1,server=y,suspend=n,address=127.0.0.1:56472
Begin MonoManager ReloadAssembly
Registering precompiled unity dll's ...
Register platform support module: C:/Program Files/Unity/Hub/Editor/2020.2.5f1/Editor/Data/PlaybackEngines/WindowsStandaloneSupport/UnityEditor.WindowsStandalone.Extensions.dll
Registered in 0.002466 seconds.
Native extension for WindowsStandalone target not found
Refreshing native plugins compatible for Editor in 31.37 ms, found 1 plugins.
Preloading 0 native plugins for Editor in 0.00 ms.
Invoked RoslynAnalysisRunner static constructor.
RoslynAnalysisRunner will not be running.
RoslynAnalysisRunner has terminated.
Mono: successfully reloaded assembly
- Completed reload, in  1.039 seconds
Platform modules already initialized, skipping
Registering precompiled user dll's ...
Registered in 0.001010 seconds.
Begin MonoManager ReloadAssembly
Native extension for WindowsStandalone target not found
Refreshing native plugins compatible for Editor in 41.20 ms, found 1 plugins.
Preloading 0 native plugins for Editor in 0.00 ms.
Invoked RoslynAnalysisRunner static constructor.
RoslynAnalysisRunner will not be running.
RoslynAnalysisRunner has terminated.
Mono: successfully reloaded assembly
- Completed reload, in  0.871 seconds
Platform modules already initialized, skipping
========================================================================
Worker process is ready to serve import requests
Launched and connected shader compiler UnityShaderCompiler.exe after 0.05 seconds
Refreshing native plugins compatible for Editor in 0.36 ms, found 1 plugins.
Preloading 0 native plugins for Editor in 0.00 ms.
Unloading 1811 Unused Serialized files (Serialized files now loaded: 0)
System memory in use before: 86.9 MB.
System memory in use after: 86.9 MB.

Unloading 19 unused Assets to reduce memory usage. Loaded Objects now: 2259.
Total: 2.278600 ms (FindLiveObjects: 0.242000 ms CreateObjectMapping: 0.138200 ms MarkObjects: 1.788700 ms  DeleteObjects: 0.109000 ms)

========================================================================
Received Import Request.
  path: Assets/Prefabs/Player.prefab
  artifactKey: Guid(9246f228f334a5f43aa8b42c4610d556) Importer(815301076,1909f56bfc062723c751e8b465ee728b)
Start importing Assets/Prefabs/Player.prefab using Guid(9246f228f334a5f43aa8b42c4610d556) Importer(815301076,1909f56bfc062723c751e8b465ee728b)  -> (artifact id: '4b10303f3d0ccd1a3a38f22a0f9dc5ff') in 0.107811 seconds
  Import took 0.110597 seconds .

========================================================================
Received Import Request.
  Time since last request: 1271.571481 seconds.
  path: Assets/Scenes/TestLevelScene.unity
  artifactKey: Guid(a17cdd741e0c76945b9d27313fd11a79) Importer(815301076,1909f56bfc062723c751e8b465ee728b)
Start importing Assets/Scenes/TestLevelScene.unity using Guid(a17cdd741e0c76945b9d27313fd11a79) Importer(815301076,1909f56bfc062723c751e8b465ee728b)  -> (artifact id: '74086aaeaa85c9e8e5d880361bff0da8') in 0.003159 seconds
  Import took 0.006735 seconds .

========================================================================
Received Import Request.
  Time since last request: 1.783918 seconds.
  path: Assets/Scenes/Powerup_Testing.unity
  artifactKey: Guid(54b229f1222fd7f44ba0ff012cb2fe86) Importer(815301076,1909f56bfc062723c751e8b465ee728b)
Start importing Assets/Scenes/Powerup_Testing.unity using Guid(54b229f1222fd7f44ba0ff012cb2fe86) Importer(815301076,1909f56bfc062723c751e8b465ee728b)  -> (artifact id: '0fc78305fa36585bf4a843124a09948b') in 0.003381 seconds
  Import took 0.007137 seconds .

========================================================================
Received Import Request.
  Time since last request: 16.857481 seconds.
  path: Assets/Scenes/Start_Menu.unity
  artifactKey: Guid(d1eb4be2001e6d247b791abe8d2a061e) Importer(815301076,1909f56bfc062723c751e8b465ee728b)
Start importing Assets/Scenes/Start_Menu.unity using Guid(d1eb4be2001e6d247b791abe8d2a061e) Importer(815301076,1909f56bfc062723c751e8b465ee728b)  -> (artifact id: 'd34396e8137911bdaddc6a393e2420e5') in 0.002519 seconds
  Import took 0.005603 seconds .

========================================================================
Received Import Request.
  Time since last request: 23.781280 seconds.
  path: Assets/Scenes/Map2.unity
  artifactKey: Guid(08bbc59a9d423364b8569da03a99b975) Importer(815301076,1909f56bfc062723c751e8b465ee728b)
Start importing Assets/Scenes/Map2.unity using Guid(08bbc59a9d423364b8569da03a99b975) Importer(815301076,1909f56bfc062723c751e8b465ee728b)  -> (artifact id: '275a11c22f0ae5efc70e0988181dab2d') in 0.003802 seconds
  Import took 0.007703 seconds .

========================================================================
Received Import Request.
  Time since last request: 1.276864 seconds.
  path: Assets/Scenes/Map3.unity
  artifactKey: Guid(13b72071d38d5864b8c148309c56c006) Importer(815301076,1909f56bfc062723c751e8b465ee728b)
Start importing Assets/Scenes/Map3.unity using Guid(13b72071d38d5864b8c148309c56c006) Importer(815301076,1909f56bfc062723c751e8b465ee728b)  -> (artifact id: 'fa1801f7d9d091762432bc165e7be352') in 0.002455 seconds
  Import took 0.005737 seconds .

========================================================================
Received Prepare
Registering precompiled user dll's ...
Registered in 0.000892 seconds.
Begin MonoManager ReloadAssembly
Native extension for WindowsStandalone target not found
Refreshing native plugins compatible for Editor in 0.29 ms, found 1 plugins.
Preloading 0 native plugins for Editor in 0.00 ms.
Invoked RoslynAnalysisRunner static constructor.
RoslynAnalysisRunner will not be running.
RoslynAnalysisRunner has terminated.
Mono: successfully reloaded assembly
- Completed reload, in  0.727 seconds
Platform modules already initialized, skipping
Refreshing native plugins compatible for Editor in 0.35 ms, found 1 plugins.
Preloading 0 native plugins for Editor in 0.00 ms.
Unloading 1788 Unused Serialized files (Serialized files now loaded: 0)
System memory in use before: 88.6 MB.
System memory in use after: 88.7 MB.

Unloading 7 unused Assets to reduce memory usage. Loaded Objects now: 2269.
Total: 1.824000 ms (FindLiveObjects: 0.240000 ms CreateObjectMapping: 0.065900 ms MarkObjects: 1.505400 ms  DeleteObjects: 0.011500 ms)

AssetImportWorkerClient::OnTransportError - code=2 error=End of file
